<?xml version="1.0" encoding="UTF-8"?>
<!-- Generated by org.testng.reporters.JUnitReportReporter -->
<testsuite skipped="0" hostname="VanathiLaptop" name="com.crm.qa.testcases.ContactsPageTest" tests="4" failures="0" timestamp="2020-10-22T12:33:48 CEST" time="132.904" errors="0">
  <testcase name="validateCreateNewContactTest" time="33.222" classname="com.crm.qa.testcases.ContactsPageTest"/>
  <system-out/>
  <testcase name="validateCreateNewContactTest" time="31.044" classname="com.crm.qa.testcases.ContactsPageTest"/>
  <system-out/>
  <testcase name="validateCreateNewContactTest" time="33.485" classname="com.crm.qa.testcases.ContactsPageTest"/>
  <system-out/>
  <testcase name="validateCreateNewContactTest" time="35.153" classname="com.crm.qa.testcases.ContactsPageTest"/>
  <system-out/>
</testsuite> <!-- com.crm.qa.testcases.ContactsPageTest -->
