<?xml version="1.0" encoding="UTF-8"?>
<!-- Generated by org.testng.reporters.JUnitReportReporter -->
<testsuite skipped="0" hostname="VanathiLaptop" name="com.crm.qa.testcases.HomePageTest" tests="5" failures="0" timestamp="2020-10-22T11:53:13 CEST" time="94.211" errors="0">
  <testcase name="validateHomePageTitleTest" time="16.623" classname="com.crm.qa.testcases.HomePageTest"/>
  <system-out/>
  <testcase name="validateUserNameLabelTest" time="17.439" classname="com.crm.qa.testcases.HomePageTest"/>
  <system-out/>
  <testcase name="validateContactsLinkTest" time="20.740" classname="com.crm.qa.testcases.HomePageTest"/>
  <system-out/>
  <testcase name="validateDealsLinkTest" time="20.291" classname="com.crm.qa.testcases.HomePageTest"/>
  <system-out/>
  <testcase name="validateTasksLinkTest" time="19.118" classname="com.crm.qa.testcases.HomePageTest"/>
  <system-out/>
</testsuite> <!-- com.crm.qa.testcases.HomePageTest -->
