<?xml version="1.0" encoding="UTF-8"?>
<!-- Generated by org.testng.reporters.JUnitReportReporter -->
<testsuite hostname="VanathiLaptop" name="com.crm.qa.testcases.HomePageTest" tests="5" failures="0" timestamp="22 Oct 2020 17:34:48 GMT" time="87.877" errors="0">
  <testcase name="validateUserNameLabelTest" time="17.283" classname="com.crm.qa.testcases.HomePageTest"/>
  <testcase name="validateDealsLinkTest" time="17.923" classname="com.crm.qa.testcases.HomePageTest"/>
  <testcase name="validateContactsLinkTest" time="18.070" classname="com.crm.qa.testcases.HomePageTest"/>
  <testcase name="validateTasksLinkTest" time="19.323" classname="com.crm.qa.testcases.HomePageTest"/>
  <testcase name="validateHomePageTitleTest" time="15.278" classname="com.crm.qa.testcases.HomePageTest"/>
</testsuite> <!-- com.crm.qa.testcases.HomePageTest -->
